<?xml version="1.0" encoding="UTF-8"?>
<testng-results ignored="0" total="1" passed="1" failed="0" skipped="0">
  <reporter-output>
  </reporter-output>
  <suite started-at="2022-07-10T16:12:10 EET" name="Surefire suite" finished-at="2022-07-10T16:12:32 EET" duration-ms="21843">
    <groups>
      <group name="cucumber">
        <method signature="AbstractTestNGCucumberTests.runScenario(io.cucumber.testng.PickleWrapper,io.cucumber.testng.FeatureWrapper)[pri:0, instance:org.example.testRunner.Runners@51dcb805]" name="runScenario" class="io.cucumber.testng.AbstractTestNGCucumberTests"/>
      </group> <!-- cucumber -->
    </groups>
    <test started-at="2022-07-10T16:12:10 EET" name="Surefire test" finished-at="2022-07-10T16:12:32 EET" duration-ms="21843">
      <class name="org.example.testRunner.Runners">
        <test-method is-config="true" signature="setUpClass(org.testng.ITestContext)[pri:0, instance:org.example.testRunner.Runners@51dcb805]" started-at="2022-07-10T16:12:10 EET" name="setUpClass" finished-at="2022-07-10T16:12:12 EET" duration-ms="2171" status="PASS">
          <params>
            <param index="0">
              <value>
                <![CDATA[org.testng.TestRunner@97a145b]]>
              </value>
            </param>
          </params>
          <reporter-output>
          </reporter-output>
        </test-method> <!-- setUpClass -->
        <test-method signature="runScenario(io.cucumber.testng.PickleWrapper,io.cucumber.testng.FeatureWrapper)[pri:0, instance:org.example.testRunner.Runners@51dcb805]" started-at="2022-07-10T16:12:12 EET" name="runScenario" description="Runs Cucumber Scenarios" data-provider="scenarios" finished-at="2022-07-10T16:12:31 EET" duration-ms="19060" status="PASS">
          <params>
            <param index="0">
              <value>
                <![CDATA["user could register with valid account"]]>
              </value>
            </param>
            <param index="1">
              <value>
                <![CDATA["Register | users could register with new accounts"]]>
              </value>
            </param>
          </params>
          <reporter-output>
          </reporter-output>
        </test-method> <!-- runScenario -->
        <test-method is-config="true" signature="tearDownClass()[pri:0, instance:org.example.testRunner.Runners@51dcb805]" started-at="2022-07-10T16:12:31 EET" name="tearDownClass" finished-at="2022-07-10T16:12:32 EET" duration-ms="411" status="PASS">
          <reporter-output>
          </reporter-output>
        </test-method> <!-- tearDownClass -->
      </class> <!-- org.example.testRunner.Runners -->
    </test> <!-- Surefire test -->
  </suite> <!-- Surefire suite -->
</testng-results>
